# JRE version: Java(TM) SE Runtime Environment (8.0_71-b15) (build 1.8.0_71-b15)
# Java VM: Java HotSpot(TM) 64-Bit Server VM (25.71-b15 mixed mode windows-amd64 compressed oops)
Heap:
 PSYoungGen      total 678400K, used 454054K [0x00000000d5d00000, 0x00000000fff80000, 0x0000000100000000)
  eden space 667648K, 67% used [0x00000000d5d00000,0x00000000f180a938,0x00000000fe900000)
  from space 10752K, 3% used [0x00000000fe900000,0x00000000fe95eff0,0x00000000ff380000)
  to   space 10240K, 0% used [0x00000000ff580000,0x00000000ff580000,0x00000000fff80000)
 ParOldGen       total 162816K, used 138510K [0x0000000081600000, 0x000000008b500000, 0x00000000d5d00000)
  object space 162816K, 85% used [0x0000000081600000,0x0000000089d43848,0x000000008b500000)
 Metaspace       used 3368K, capacity 4664K, committed 4864K, reserved 1056768K
  class space    used 372K, capacity 424K, committed 512K, reserved 1048576K
GC Heap History (10 events):
Event: 708.904 GC heap before
{Heap before GC invocations=1184 (full 19):
 PSYoungGen      total 673792K, used 662341K [0x00000000d5d00000, 0x00000000ffd80000, 0x0000000100000000)
  eden space 662016K, 100% used [0x00000000d5d00000,0x00000000fe380000,0x00000000fe380000)
  from space 11776K, 2% used [0x00000000ff200000,0x00000000ff251410,0x00000000ffd80000)
  to   space 13312K, 0% used [0x00000000fe380000,0x00000000fe380000,0x00000000ff080000)
 ParOldGen       total 162816K, used 138150K [0x0000000081600000, 0x000000008b500000, 0x00000000d5d00000)
  object space 162816K, 84% used [0x0000000081600000,0x0000000089ce9848,0x000000008b500000)
 Metaspace       used 3368K, capacity 4664K, committed 4864K, reserved 1056768K
  class space    used 372K, capacity 424K, committed 512K, reserved 1048576K
Event: 708.905 GC heap after
Heap after GC invocations=1184 (full 19):
 PSYoungGen      total 675328K, used 291K [0x00000000d5d00000, 0x0000000100000000, 0x0000000100000000)
  eden space 662016K, 0% used [0x00000000d5d00000,0x00000000d5d00000,0x00000000fe380000)
  from space 13312K, 2% used [0x00000000fe380000,0x00000000fe3c8ec0,0x00000000ff080000)
  to   space 12800K, 0% used [0x00000000ff380000,0x00000000ff380000,0x0000000100000000)
 ParOldGen       total 162816K, used 138230K [0x0000000081600000, 0x000000008b500000, 0x00000000d5d00000)
  object space 162816K, 84% used [0x0000000081600000,0x0000000089cfd848,0x000000008b500000)
 Metaspace       used 3368K, capacity 4664K, committed 4864K, reserved 1056768K
  class space    used 372K, capacity 424K, committed 512K, reserved 1048576K
}
Event: 709.039 GC heap before
{Heap before GC invocations=1185 (full 19):
 PSYoungGen      total 675328K, used 662307K [0x00000000d5d00000, 0x0000000100000000, 0x0000000100000000)
  eden space 662016K, 100% used [0x00000000d5d00000,0x00000000fe380000,0x00000000fe380000)
  from space 13312K, 2% used [0x00000000fe380000,0x00000000fe3c8ec0,0x00000000ff080000)
  to   space 12800K, 0% used [0x00000000ff380000,0x00000000ff380000,0x0000000100000000)
 ParOldGen       total 162816K, used 138230K [0x0000000081600000, 0x000000008b500000, 0x00000000d5d00000)
  object space 162816K, 84% used [0x0000000081600000,0x0000000089cfd848,0x000000008b500000)
 Metaspace       used 3368K, capacity 4664K, committed 4864K, reserved 1056768K
  class space    used 372K, capacity 424K, committed 512K, reserved 1048576K
Event: 709.041 GC heap after
Heap after GC invocations=1185 (full 19):
 PSYoungGen      total 676352K, used 308K [0x00000000d5d00000, 0x00000000ffe80000, 0x0000000100000000)
  eden space 665088K, 0% used [0x00000000d5d00000,0x00000000d5d00000,0x00000000fe680000)
  from space 11264K, 2% used [0x00000000ff380000,0x00000000ff3cd250,0x00000000ffe80000)
  to   space 12288K, 0% used [0x00000000fe680000,0x00000000fe680000,0x00000000ff280000)
 ParOldGen       total 162816K, used 138294K [0x0000000081600000, 0x000000008b500000, 0x00000000d5d00000)
  object space 162816K, 84% used [0x0000000081600000,0x0000000089d0d848,0x000000008b500000)
 Metaspace       used 3368K, capacity 4664K, committed 4864K, reserved 1056768K
  class space    used 372K, capacity 424K, committed 512K, reserved 1048576K
}
Event: 709.174 GC heap before
{Heap before GC invocations=1186 (full 19):
 PSYoungGen      total 676352K, used 665396K [0x00000000d5d00000, 0x00000000ffe80000, 0x0000000100000000)
  eden space 665088K, 100% used [0x00000000d5d00000,0x00000000fe680000,0x00000000fe680000)
  from space 11264K, 2% used [0x00000000ff380000,0x00000000ff3cd250,0x00000000ffe80000)
  to   space 12288K, 0% used [0x00000000fe680000,0x00000000fe680000,0x00000000ff280000)
 ParOldGen       total 162816K, used 138294K [0x0000000081600000, 0x000000008b500000, 0x00000000d5d00000)
  object space 162816K, 84% used [0x0000000081600000,0x0000000089d0d848,0x000000008b500000)
 Metaspace       used 3368K, capacity 4664K, committed 4864K, reserved 1056768K
  class space    used 372K, capacity 424K, committed 512K, reserved 1048576K
Event: 709.175 GC heap after
Heap after GC invocations=1186 (full 19):
 PSYoungGen      total 677376K, used 348K [0x00000000d5d00000, 0x00000000fff00000, 0x0000000100000000)
  eden space 665088K, 0% used [0x00000000d5d00000,0x00000000d5d00000,0x00000000fe680000)
  from space 12288K, 2% used [0x00000000fe680000,0x00000000fe6d7298,0x00000000ff280000)
  to   space 11264K, 0% used [0x00000000ff400000,0x00000000ff400000,0x00000000fff00000)
 ParOldGen       total 162816K, used 138358K [0x0000000081600000, 0x000000008b500000, 0x00000000d5d00000)
  object space 162816K, 84% used [0x0000000081600000,0x0000000089d1d848,0x000000008b500000)
 Metaspace       used 3368K, capacity 4664K, committed 4864K, reserved 1056768K
  class space    used 372K, capacity 424K, committed 512K, reserved 1048576K
}
Event: 709.311 GC heap before
{Heap before GC invocations=1187 (full 19):
 PSYoungGen      total 677376K, used 665436K [0x00000000d5d00000, 0x00000000fff00000, 0x0000000100000000)
  eden space 665088K, 100% used [0x00000000d5d00000,0x00000000fe680000,0x00000000fe680000)
  from space 12288K, 2% used [0x00000000fe680000,0x00000000fe6d7298,0x00000000ff280000)
  to   space 11264K, 0% used [0x00000000ff400000,0x00000000ff400000,0x00000000fff00000)
 ParOldGen       total 162816K, used 138358K [0x0000000081600000, 0x000000008b500000, 0x00000000d5d00000)
  object space 162816K, 84% used [0x0000000081600000,0x0000000089d1d848,0x000000008b500000)
 Metaspace       used 3368K, capacity 4664K, committed 4864K, reserved 1056768K
  class space    used 372K, capacity 424K, committed 512K, reserved 1048576K
Event: 709.313 GC heap after
Heap after GC invocations=1187 (full 19):
 PSYoungGen      total 677888K, used 256K [0x00000000d5d00000, 0x00000000ffe00000, 0x0000000100000000)
  eden space 667648K, 0% used [0x00000000d5d00000,0x00000000d5d00000,0x00000000fe900000)
  from space 10240K, 2% used [0x00000000ff400000,0x00000000ff440000,0x00000000ffe00000)
  to   space 10752K, 0% used [0x00000000fe900000,0x00000000fe900000,0x00000000ff380000)
 ParOldGen       total 162816K, used 138422K [0x0000000081600000, 0x000000008b500000, 0x00000000d5d00000)
  object space 162816K, 85% used [0x0000000081600000,0x0000000089d2d848,0x000000008b500000)
 Metaspace       used 3368K, capacity 4664K, committed 4864K, reserved 1056768K
  class space    used 372K, capacity 424K, committed 512K, reserved 1048576K
}
Event: 709.454 GC heap before
{Heap before GC invocations=1188 (full 19):
 PSYoungGen      total 677888K, used 667904K [0x00000000d5d00000, 0x00000000ffe00000, 0x0000000100000000)
  eden space 667648K, 100% used [0x00000000d5d00000,0x00000000fe900000,0x00000000fe900000)
  from space 10240K, 2% used [0x00000000ff400000,0x00000000ff440000,0x00000000ffe00000)
  to   space 10752K, 0% used [0x00000000fe900000,0x00000000fe900000,0x00000000ff380000)
 ParOldGen       total 162816K, used 138422K [0x0000000081600000, 0x000000008b500000, 0x00000000d5d00000)
  object space 162816K, 85% used [0x0000000081600000,0x0000000089d2d848,0x000000008b500000)
 Metaspace       used 3368K, capacity 4664K, committed 4864K, reserved 1056768K
  class space    used 372K, capacity 424K, committed 512K, reserved 1048576K
Event: 709.455 GC heap after
Heap after GC invocations=1188 (full 19):
 PSYoungGen      total 678400K, used 379K [0x00000000d5d00000, 0x00000000fff80000, 0x0000000100000000)
  eden space 667648K, 0% used [0x00000000d5d00000,0x00000000d5d00000,0x00000000fe900000)
  from space 10752K, 3% used [0x00000000fe900000,0x00000000fe95eff0,0x00000000ff380000)
  to   space 10240K, 0% used [0x00000000ff580000,0x00000000ff580000,0x00000000fff80000)
 ParOldGen       total 162816K, used 138510K [0x0000000081600000, 0x000000008b500000, 0x00000000d5d00000)
  object space 162816K, 85% used [0x0000000081600000,0x0000000089d43848,0x000000008b500000)
 Metaspace       used 3368K, capacity 4664K, committed 4864K, reserved 1056768K
  class space    used 372K, capacity 424K, committed 512K, reserved 1048576K
}

