# JRE version: Java(TM) SE Runtime Environment (8.0_71-b15) (build 1.8.0_71-b15)
# Java VM: Java HotSpot(TM) 64-Bit Server VM (25.71-b15 mixed mode windows-amd64 compressed oops)
Heap:
 PSYoungGen      total 681984K, used 486973K [0x00000000d5d00000, 0x00000000fff80000, 0x0000000100000000)
  eden space 674304K, 72% used [0x00000000d5d00000,0x00000000f3835f60,0x00000000fef80000)
  from space 7680K, 4% used [0x00000000fef80000,0x00000000fefd9740,0x00000000ff700000)
  to   space 7168K, 0% used [0x00000000ff880000,0x00000000ff880000,0x00000000fff80000)
 ParOldGen       total 78336K, used 48740K [0x0000000081600000, 0x0000000086280000, 0x00000000d5d00000)
  object space 78336K, 62% used [0x0000000081600000,0x00000000845993c8,0x0000000086280000)
 Metaspace       used 9232K, capacity 9570K, committed 9728K, reserved 1058816K
  class space    used 1091K, capacity 1192K, committed 1280K, reserved 1048576K
GC Heap History (10 events):
Event: 107.190 GC heap before
{Heap before GC invocations=147 (full 4):
 PSYoungGen      total 679424K, used 670554K [0x00000000d5d00000, 0x00000000ffe80000, 0x0000000100000000)
  eden space 670208K, 100% used [0x00000000d5d00000,0x00000000feb80000,0x00000000feb80000)
  from space 9216K, 3% used [0x00000000ff580000,0x00000000ff5d68e0,0x00000000ffe80000)
  to   space 9728K, 0% used [0x00000000feb80000,0x00000000feb80000,0x00000000ff500000)
 ParOldGen       total 78336K, used 48364K [0x0000000081600000, 0x0000000086280000, 0x00000000d5d00000)
  object space 78336K, 61% used [0x0000000081600000,0x000000008453b3c8,0x0000000086280000)
 Metaspace       used 9219K, capacity 9552K, committed 9728K, reserved 1058816K
  class space    used 1089K, capacity 1189K, committed 1280K, reserved 1048576K
Event: 107.191 GC heap after
Heap after GC invocations=147 (full 4):
 PSYoungGen      total 679936K, used 192K [0x00000000d5d00000, 0x00000000fff80000, 0x0000000100000000)
  eden space 670208K, 0% used [0x00000000d5d00000,0x00000000d5d00000,0x00000000feb80000)
  from space 9728K, 1% used [0x00000000feb80000,0x00000000febb0000,0x00000000ff500000)
  to   space 9216K, 0% used [0x00000000ff680000,0x00000000ff680000,0x00000000fff80000)
 ParOldGen       total 78336K, used 48452K [0x0000000081600000, 0x0000000086280000, 0x00000000d5d00000)
  object space 78336K, 61% used [0x0000000081600000,0x00000000845513c8,0x0000000086280000)
 Metaspace       used 9219K, capacity 9552K, committed 9728K, reserved 1058816K
  class space    used 1089K, capacity 1189K, committed 1280K, reserved 1048576K
}
Event: 107.344 GC heap before
{Heap before GC invocations=148 (full 4):
 PSYoungGen      total 679936K, used 670400K [0x00000000d5d00000, 0x00000000fff80000, 0x0000000100000000)
  eden space 670208K, 100% used [0x00000000d5d00000,0x00000000feb80000,0x00000000feb80000)
  from space 9728K, 1% used [0x00000000feb80000,0x00000000febb0000,0x00000000ff500000)
  to   space 9216K, 0% used [0x00000000ff680000,0x00000000ff680000,0x00000000fff80000)
 ParOldGen       total 78336K, used 48452K [0x0000000081600000, 0x0000000086280000, 0x00000000d5d00000)
  object space 78336K, 61% used [0x0000000081600000,0x00000000845513c8,0x0000000086280000)
 Metaspace       used 9219K, capacity 9552K, committed 9728K, reserved 1058816K
  class space    used 1089K, capacity 1189K, committed 1280K, reserved 1048576K
Event: 107.346 GC heap after
Heap after GC invocations=148 (full 4):
 PSYoungGen      total 680448K, used 256K [0x00000000d5d00000, 0x00000000ffe80000, 0x0000000100000000)
  eden space 672256K, 0% used [0x00000000d5d00000,0x00000000d5d00000,0x00000000fed80000)
  from space 8192K, 3% used [0x00000000ff680000,0x00000000ff6c0000,0x00000000ffe80000)
  to   space 8704K, 0% used [0x00000000fed80000,0x00000000fed80000,0x00000000ff600000)
 ParOldGen       total 78336K, used 48532K [0x0000000081600000, 0x0000000086280000, 0x00000000d5d00000)
  object space 78336K, 61% used [0x0000000081600000,0x00000000845653c8,0x0000000086280000)
 Metaspace       used 9219K, capacity 9552K, committed 9728K, reserved 1058816K
  class space    used 1089K, capacity 1189K, committed 1280K, reserved 1048576K
}
Event: 107.524 GC heap before
{Heap before GC invocations=149 (full 4):
 PSYoungGen      total 680448K, used 672512K [0x00000000d5d00000, 0x00000000ffe80000, 0x0000000100000000)
  eden space 672256K, 100% used [0x00000000d5d00000,0x00000000fed80000,0x00000000fed80000)
  from space 8192K, 3% used [0x00000000ff680000,0x00000000ff6c0000,0x00000000ffe80000)
  to   space 8704K, 0% used [0x00000000fed80000,0x00000000fed80000,0x00000000ff600000)
 ParOldGen       total 78336K, used 48532K [0x0000000081600000, 0x0000000086280000, 0x00000000d5d00000)
  object space 78336K, 61% used [0x0000000081600000,0x00000000845653c8,0x0000000086280000)
 Metaspace       used 9219K, capacity 9552K, committed 9728K, reserved 1058816K
  class space    used 1089K, capacity 1189K, committed 1280K, reserved 1048576K
Event: 107.525 GC heap after
Heap after GC invocations=149 (full 4):
 PSYoungGen      total 680960K, used 192K [0x00000000d5d00000, 0x00000000fff80000, 0x0000000100000000)
  eden space 672256K, 0% used [0x00000000d5d00000,0x00000000d5d00000,0x00000000fed80000)
  from space 8704K, 2% used [0x00000000fed80000,0x00000000fedb0000,0x00000000ff600000)
  to   space 8192K, 0% used [0x00000000ff780000,0x00000000ff780000,0x00000000fff80000)
 ParOldGen       total 78336K, used 48588K [0x0000000081600000, 0x0000000086280000, 0x00000000d5d00000)
  object space 78336K, 62% used [0x0000000081600000,0x00000000845733c8,0x0000000086280000)
 Metaspace       used 9219K, capacity 9552K, committed 9728K, reserved 1058816K
  class space    used 1089K, capacity 1189K, committed 1280K, reserved 1048576K
}
Event: 107.697 GC heap before
{Heap before GC invocations=150 (full 4):
 PSYoungGen      total 680960K, used 672448K [0x00000000d5d00000, 0x00000000fff80000, 0x0000000100000000)
  eden space 672256K, 100% used [0x00000000d5d00000,0x00000000fed80000,0x00000000fed80000)
  from space 8704K, 2% used [0x00000000fed80000,0x00000000fedb0000,0x00000000ff600000)
  to   space 8192K, 0% used [0x00000000ff780000,0x00000000ff780000,0x00000000fff80000)
 ParOldGen       total 78336K, used 48588K [0x0000000081600000, 0x0000000086280000, 0x00000000d5d00000)
  object space 78336K, 62% used [0x0000000081600000,0x00000000845733c8,0x0000000086280000)
 Metaspace       used 9220K, capacity 9552K, committed 9728K, reserved 1058816K
  class space    used 1089K, capacity 1189K, committed 1280K, reserved 1048576K
Event: 107.698 GC heap after
Heap after GC invocations=150 (full 4):
 PSYoungGen      total 681472K, used 256K [0x00000000d5d00000, 0x00000000ffe80000, 0x0000000100000000)
  eden space 674304K, 0% used [0x00000000d5d00000,0x00000000d5d00000,0x00000000fef80000)
  from space 7168K, 3% used [0x00000000ff780000,0x00000000ff7c0000,0x00000000ffe80000)
  to   space 7680K, 0% used [0x00000000fef80000,0x00000000fef80000,0x00000000ff700000)
 ParOldGen       total 78336K, used 48668K [0x0000000081600000, 0x0000000086280000, 0x00000000d5d00000)
  object space 78336K, 62% used [0x0000000081600000,0x00000000845873c8,0x0000000086280000)
 Metaspace       used 9220K, capacity 9552K, committed 9728K, reserved 1058816K
  class space    used 1089K, capacity 1189K, committed 1280K, reserved 1048576K
}
Event: 107.859 GC heap before
{Heap before GC invocations=151 (full 4):
 PSYoungGen      total 681472K, used 674560K [0x00000000d5d00000, 0x00000000ffe80000, 0x0000000100000000)
  eden space 674304K, 100% used [0x00000000d5d00000,0x00000000fef80000,0x00000000fef80000)
  from space 7168K, 3% used [0x00000000ff780000,0x00000000ff7c0000,0x00000000ffe80000)
  to   space 7680K, 0% used [0x00000000fef80000,0x00000000fef80000,0x00000000ff700000)
 ParOldGen       total 78336K, used 48668K [0x0000000081600000, 0x0000000086280000, 0x00000000d5d00000)
  object space 78336K, 62% used [0x0000000081600000,0x00000000845873c8,0x0000000086280000)
 Metaspace       used 9220K, capacity 9552K, committed 9728K, reserved 1058816K
  class space    used 1089K, capacity 1189K, committed 1280K, reserved 1048576K
Event: 107.860 GC heap after
Heap after GC invocations=151 (full 4):
 PSYoungGen      total 681984K, used 357K [0x00000000d5d00000, 0x00000000fff80000, 0x0000000100000000)
  eden space 674304K, 0% used [0x00000000d5d00000,0x00000000d5d00000,0x00000000fef80000)
  from space 7680K, 4% used [0x00000000fef80000,0x00000000fefd9740,0x00000000ff700000)
  to   space 7168K, 0% used [0x00000000ff880000,0x00000000ff880000,0x00000000fff80000)
 ParOldGen       total 78336K, used 48740K [0x0000000081600000, 0x0000000086280000, 0x00000000d5d00000)
  object space 78336K, 62% used [0x0000000081600000,0x00000000845993c8,0x0000000086280000)
 Metaspace       used 9220K, capacity 9552K, committed 9728K, reserved 1058816K
  class space    used 1089K, capacity 1189K, committed 1280K, reserved 1048576K
}

