# JRE version: Java(TM) SE Runtime Environment (8.0_71-b15) (build 1.8.0_71-b15)
# Java VM: Java HotSpot(TM) 64-Bit Server VM (25.71-b15 mixed mode windows-amd64 compressed oops)
Heap:
 PSYoungGen      total 651776K, used 309451K [0x00000000d5d00000, 0x00000000fef00000, 0x0000000100000000)
  eden space 645120K, 47% used [0x00000000d5d00000,0x00000000e8adb808,0x00000000fd300000)
  from space 6656K, 5% used [0x00000000fd300000,0x00000000fd357460,0x00000000fd980000)
  to   space 6144K, 0% used [0x00000000fe900000,0x00000000fe900000,0x00000000fef00000)
 ParOldGen       total 89600K, used 72771K [0x0000000081600000, 0x0000000086d80000, 0x00000000d5d00000)
  object space 89600K, 81% used [0x0000000081600000,0x0000000085d10dc8,0x0000000086d80000)
 Metaspace       used 3359K, capacity 4664K, committed 4864K, reserved 1056768K
  class space    used 372K, capacity 424K, committed 512K, reserved 1048576K
GC Heap History (10 events):
Event: 143.664 GC heap before
{Heap before GC invocations=215 (full 6):
 PSYoungGen      total 580608K, used 580450K [0x00000000d5d00000, 0x00000000fed00000, 0x0000000100000000)
  eden space 580096K, 100% used [0x00000000d5d00000,0x00000000f9380000,0x00000000f9380000)
  from space 512K, 69% used [0x00000000fec80000,0x00000000fecd8a50,0x00000000fed00000)
  to   space 8192K, 0% used [0x00000000fdd00000,0x00000000fdd00000,0x00000000fe500000)
 ParOldGen       total 89600K, used 72459K [0x0000000081600000, 0x0000000086d80000, 0x00000000d5d00000)
  object space 89600K, 80% used [0x0000000081600000,0x0000000085cc2dc8,0x0000000086d80000)
 Metaspace       used 3359K, capacity 4664K, committed 4864K, reserved 1056768K
  class space    used 372K, capacity 424K, committed 512K, reserved 1048576K
Event: 143.665 GC heap after
Heap after GC invocations=215 (full 6):
 PSYoungGen      total 562176K, used 329K [0x00000000d5d00000, 0x00000000fed00000, 0x0000000100000000)
  eden space 553984K, 0% used [0x00000000d5d00000,0x00000000d5d00000,0x00000000f7a00000)
  from space 8192K, 4% used [0x00000000fdd00000,0x00000000fdd52658,0x00000000fe500000)
  to   space 7680K, 0% used [0x00000000fe580000,0x00000000fe580000,0x00000000fed00000)
 ParOldGen       total 89600K, used 72515K [0x0000000081600000, 0x0000000086d80000, 0x00000000d5d00000)
  object space 89600K, 80% used [0x0000000081600000,0x0000000085cd0dc8,0x0000000086d80000)
 Metaspace       used 3359K, capacity 4664K, committed 4864K, reserved 1056768K
  class space    used 372K, capacity 424K, committed 512K, reserved 1048576K
}
Event: 143.802 GC heap before
{Heap before GC invocations=216 (full 6):
 PSYoungGen      total 562176K, used 554313K [0x00000000d5d00000, 0x00000000fed00000, 0x0000000100000000)
  eden space 553984K, 100% used [0x00000000d5d00000,0x00000000f7a00000,0x00000000f7a00000)
  from space 8192K, 4% used [0x00000000fdd00000,0x00000000fdd52658,0x00000000fe500000)
  to   space 7680K, 0% used [0x00000000fe580000,0x00000000fe580000,0x00000000fed00000)
 ParOldGen       total 89600K, used 72515K [0x0000000081600000, 0x0000000086d80000, 0x00000000d5d00000)
  object space 89600K, 80% used [0x0000000081600000,0x0000000085cd0dc8,0x0000000086d80000)
 Metaspace       used 3359K, capacity 4664K, committed 4864K, reserved 1056768K
  class space    used 372K, capacity 424K, committed 512K, reserved 1048576K
Event: 143.803 GC heap after
Heap after GC invocations=216 (full 6):
 PSYoungGen      total 529408K, used 286K [0x00000000d5d00000, 0x00000000fe600000, 0x0000000100000000)
  eden space 528896K, 0% used [0x00000000d5d00000,0x00000000d5d00000,0x00000000f6180000)
  from space 512K, 55% used [0x00000000fe580000,0x00000000fe5c7988,0x00000000fe600000)
  to   space 7168K, 0% used [0x00000000fd800000,0x00000000fd800000,0x00000000fdf00000)
 ParOldGen       total 89600K, used 72579K [0x0000000081600000, 0x0000000086d80000, 0x00000000d5d00000)
  object space 89600K, 81% used [0x0000000081600000,0x0000000085ce0dc8,0x0000000086d80000)
 Metaspace       used 3359K, capacity 4664K, committed 4864K, reserved 1056768K
  class space    used 372K, capacity 424K, committed 512K, reserved 1048576K
}
Event: 143.917 GC heap before
{Heap before GC invocations=217 (full 6):
 PSYoungGen      total 529408K, used 529182K [0x00000000d5d00000, 0x00000000fe600000, 0x0000000100000000)
  eden space 528896K, 100% used [0x00000000d5d00000,0x00000000f6180000,0x00000000f6180000)
  from space 512K, 55% used [0x00000000fe580000,0x00000000fe5c7988,0x00000000fe600000)
  to   space 7168K, 0% used [0x00000000fd800000,0x00000000fd800000,0x00000000fdf00000)
 ParOldGen       total 89600K, used 72579K [0x0000000081600000, 0x0000000086d80000, 0x00000000d5d00000)
  object space 89600K, 81% used [0x0000000081600000,0x0000000085ce0dc8,0x0000000086d80000)
 Metaspace       used 3359K, capacity 4664K, committed 4864K, reserved 1056768K
  class space    used 372K, capacity 424K, committed 512K, reserved 1048576K
Event: 143.918 GC heap after
Heap after GC invocations=217 (full 6):
 PSYoungGen      total 512512K, used 292K [0x00000000d5d00000, 0x00000000fe600000, 0x0000000100000000)
  eden space 505344K, 0% used [0x00000000d5d00000,0x00000000d5d00000,0x00000000f4a80000)
  from space 7168K, 4% used [0x00000000fd800000,0x00000000fd849368,0x00000000fdf00000)
  to   space 6656K, 0% used [0x00000000fdf80000,0x00000000fdf80000,0x00000000fe600000)
 ParOldGen       total 89600K, used 72643K [0x0000000081600000, 0x0000000086d80000, 0x00000000d5d00000)
  object space 89600K, 81% used [0x0000000081600000,0x0000000085cf0dc8,0x0000000086d80000)
 Metaspace       used 3359K, capacity 4664K, committed 4864K, reserved 1056768K
  class space    used 372K, capacity 424K, committed 512K, reserved 1048576K
}
Event: 144.031 GC heap before
{Heap before GC invocations=218 (full 6):
 PSYoungGen      total 512512K, used 505636K [0x00000000d5d00000, 0x00000000fe600000, 0x0000000100000000)
  eden space 505344K, 100% used [0x00000000d5d00000,0x00000000f4a80000,0x00000000f4a80000)
  from space 7168K, 4% used [0x00000000fd800000,0x00000000fd849368,0x00000000fdf00000)
  to   space 6656K, 0% used [0x00000000fdf80000,0x00000000fdf80000,0x00000000fe600000)
 ParOldGen       total 89600K, used 72643K [0x0000000081600000, 0x0000000086d80000, 0x00000000d5d00000)
  object space 89600K, 81% used [0x0000000081600000,0x0000000085cf0dc8,0x0000000086d80000)
 Metaspace       used 3359K, capacity 4664K, committed 4864K, reserved 1056768K
  class space    used 372K, capacity 424K, committed 512K, reserved 1048576K
Event: 144.032 GC heap after
Heap after GC invocations=218 (full 6):
 PSYoungGen      total 579072K, used 192K [0x00000000d5d00000, 0x00000000fe000000, 0x0000000100000000)
  eden space 578560K, 0% used [0x00000000d5d00000,0x00000000d5d00000,0x00000000f9200000)
  from space 512K, 37% used [0x00000000fdf80000,0x00000000fdfb0000,0x00000000fe000000)
  to   space 6656K, 0% used [0x00000000fd300000,0x00000000fd300000,0x00000000fd980000)
 ParOldGen       total 89600K, used 72707K [0x0000000081600000, 0x0000000086d80000, 0x00000000d5d00000)
  object space 89600K, 81% used [0x0000000081600000,0x0000000085d00dc8,0x0000000086d80000)
 Metaspace       used 3359K, capacity 4664K, committed 4864K, reserved 1056768K
  class space    used 372K, capacity 424K, committed 512K, reserved 1048576K
}
Event: 144.157 GC heap before
{Heap before GC invocations=219 (full 6):
 PSYoungGen      total 579072K, used 578752K [0x00000000d5d00000, 0x00000000fe000000, 0x0000000100000000)
  eden space 578560K, 100% used [0x00000000d5d00000,0x00000000f9200000,0x00000000f9200000)
  from space 512K, 37% used [0x00000000fdf80000,0x00000000fdfb0000,0x00000000fe000000)
  to   space 6656K, 0% used [0x00000000fd300000,0x00000000fd300000,0x00000000fd980000)
 ParOldGen       total 89600K, used 72707K [0x0000000081600000, 0x0000000086d80000, 0x00000000d5d00000)
  object space 89600K, 81% used [0x0000000081600000,0x0000000085d00dc8,0x0000000086d80000)
 Metaspace       used 3359K, capacity 4664K, committed 4864K, reserved 1056768K
  class space    used 372K, capacity 424K, committed 512K, reserved 1048576K
Event: 144.158 GC heap after
Heap after GC invocations=219 (full 6):
 PSYoungGen      total 651776K, used 349K [0x00000000d5d00000, 0x00000000fef00000, 0x0000000100000000)
  eden space 645120K, 0% used [0x00000000d5d00000,0x00000000d5d00000,0x00000000fd300000)
  from space 6656K, 5% used [0x00000000fd300000,0x00000000fd357460,0x00000000fd980000)
  to   space 6144K, 0% used [0x00000000fe900000,0x00000000fe900000,0x00000000fef00000)
 ParOldGen       total 89600K, used 72771K [0x0000000081600000, 0x0000000086d80000, 0x00000000d5d00000)
  object space 89600K, 81% used [0x0000000081600000,0x0000000085d10dc8,0x0000000086d80000)
 Metaspace       used 3359K, capacity 4664K, committed 4864K, reserved 1056768K
  class space    used 372K, capacity 424K, committed 512K, reserved 1048576K
}

