# JRE version: Java(TM) SE Runtime Environment (8.0_71-b15) (build 1.8.0_71-b15)
# Java VM: Java HotSpot(TM) 64-Bit Server VM (25.71-b15 mixed mode windows-amd64 compressed oops)
Heap:
 PSYoungGen      total 542208K, used 5120K [0x00000000d5d00000, 0x00000000fdd80000, 0x0000000100000000)
  eden space 537088K, 0% used [0x00000000d5d00000,0x00000000d5d00000,0x00000000f6980000)
  from space 5120K, 100% used [0x00000000fd380000,0x00000000fd880000,0x00000000fd880000)
  to   space 5120K, 0% used [0x00000000fd880000,0x00000000fd880000,0x00000000fdd80000)
 ParOldGen       total 89088K, used 84479K [0x0000000081600000, 0x0000000086d00000, 0x00000000d5d00000)
  object space 89088K, 94% used [0x0000000081600000,0x000000008687fd20,0x0000000086d00000)
 Metaspace       used 3362K, capacity 4664K, committed 4864K, reserved 1056768K
  class space    used 372K, capacity 424K, committed 512K, reserved 1048576K
GC Heap History (10 events):
Event: 362.655 GC heap after
Heap after GC invocations=536 (full 13):
 PSYoungGen      total 539136K, used 389K [0x00000000d5d00000, 0x00000000fe800000, 0x0000000100000000)
  eden space 532480K, 0% used [0x00000000d5d00000,0x00000000d5d00000,0x00000000f6500000)
  from space 6656K, 5% used [0x00000000fdb00000,0x00000000fdb61450,0x00000000fe180000)
  to   space 6144K, 0% used [0x00000000fe200000,0x00000000fe200000,0x00000000fe800000)
 ParOldGen       total 89088K, used 69823K [0x0000000081600000, 0x0000000086d00000, 0x00000000d5d00000)
  object space 89088K, 78% used [0x0000000081600000,0x0000000085a2fd20,0x0000000086d00000)
 Metaspace       used 3362K, capacity 4664K, committed 4864K, reserved 1056768K
  class space    used 372K, capacity 424K, committed 512K, reserved 1048576K
}
Event: 362.765 GC heap before
{Heap before GC invocations=537 (full 13):
 PSYoungGen      total 539136K, used 532869K [0x00000000d5d00000, 0x00000000fe800000, 0x0000000100000000)
  eden space 532480K, 100% used [0x00000000d5d00000,0x00000000f6500000,0x00000000f6500000)
  from space 6656K, 5% used [0x00000000fdb00000,0x00000000fdb61450,0x00000000fe180000)
  to   space 6144K, 0% used [0x00000000fe200000,0x00000000fe200000,0x00000000fe800000)
 ParOldGen       total 89088K, used 69823K [0x0000000081600000, 0x0000000086d00000, 0x00000000d5d00000)
  object space 89088K, 78% used [0x0000000081600000,0x0000000085a2fd20,0x0000000086d00000)
 Metaspace       used 3362K, capacity 4664K, committed 4864K, reserved 1056768K
  class space    used 372K, capacity 424K, committed 512K, reserved 1048576K
Event: 362.767 GC heap after
Heap after GC invocations=537 (full 13):
 PSYoungGen      total 508928K, used 411K [0x00000000d5d00000, 0x00000000fe280000, 0x0000000100000000)
  eden space 508416K, 0% used [0x00000000d5d00000,0x00000000d5d00000,0x00000000f4d80000)
  from space 512K, 80% used [0x00000000fe200000,0x00000000fe266cb8,0x00000000fe280000)
  to   space 5632K, 0% used [0x00000000fd780000,0x00000000fd780000,0x00000000fdd00000)
 ParOldGen       total 89088K, used 69887K [0x0000000081600000, 0x0000000086d00000, 0x00000000d5d00000)
  object space 89088K, 78% used [0x0000000081600000,0x0000000085a3fd20,0x0000000086d00000)
 Metaspace       used 3362K, capacity 4664K, committed 4864K, reserved 1056768K
  class space    used 372K, capacity 424K, committed 512K, reserved 1048576K
}
Event: 362.877 GC heap before
{Heap before GC invocations=538 (full 13):
 PSYoungGen      total 508928K, used 508827K [0x00000000d5d00000, 0x00000000fe280000, 0x0000000100000000)
  eden space 508416K, 100% used [0x00000000d5d00000,0x00000000f4d80000,0x00000000f4d80000)
  from space 512K, 80% used [0x00000000fe200000,0x00000000fe266cb8,0x00000000fe280000)
  to   space 5632K, 0% used [0x00000000fd780000,0x00000000fd780000,0x00000000fdd00000)
 ParOldGen       total 89088K, used 69887K [0x0000000081600000, 0x0000000086d00000, 0x00000000d5d00000)
  object space 89088K, 78% used [0x0000000081600000,0x0000000085a3fd20,0x0000000086d00000)
 Metaspace       used 3362K, capacity 4664K, committed 4864K, reserved 1056768K
  class space    used 372K, capacity 424K, committed 512K, reserved 1048576K
Event: 362.878 GC heap after
Heap after GC invocations=538 (full 13):
 PSYoungGen      total 491520K, used 394K [0x00000000d5d00000, 0x00000000fe280000, 0x0000000100000000)
  eden space 485888K, 0% used [0x00000000d5d00000,0x00000000d5d00000,0x00000000f3780000)
  from space 5632K, 6% used [0x00000000fd780000,0x00000000fd7e28c8,0x00000000fdd00000)
  to   space 5632K, 0% used [0x00000000fdd00000,0x00000000fdd00000,0x00000000fe280000)
 ParOldGen       total 89088K, used 69943K [0x0000000081600000, 0x0000000086d00000, 0x00000000d5d00000)
  object space 89088K, 78% used [0x0000000081600000,0x0000000085a4dd20,0x0000000086d00000)
 Metaspace       used 3362K, capacity 4664K, committed 4864K, reserved 1056768K
  class space    used 372K, capacity 424K, committed 512K, reserved 1048576K
}
Event: 362.990 GC heap before
{Heap before GC invocations=539 (full 13):
 PSYoungGen      total 491520K, used 486282K [0x00000000d5d00000, 0x00000000fe280000, 0x0000000100000000)
  eden space 485888K, 100% used [0x00000000d5d00000,0x00000000f3780000,0x00000000f3780000)
  from space 5632K, 6% used [0x00000000fd780000,0x00000000fd7e28c8,0x00000000fdd00000)
  to   space 5632K, 0% used [0x00000000fdd00000,0x00000000fdd00000,0x00000000fe280000)
 ParOldGen       total 89088K, used 69943K [0x0000000081600000, 0x0000000086d00000, 0x00000000d5d00000)
  object space 89088K, 78% used [0x0000000081600000,0x0000000085a4dd20,0x0000000086d00000)
 Metaspace       used 3362K, capacity 4664K, committed 4864K, reserved 1056768K
  class space    used 372K, capacity 424K, committed 512K, reserved 1048576K
Event: 362.992 GC heap after
Heap after GC invocations=539 (full 13):
 PSYoungGen      total 562688K, used 443K [0x00000000d5d00000, 0x00000000fdd80000, 0x0000000100000000)
  eden space 562176K, 0% used [0x00000000d5d00000,0x00000000d5d00000,0x00000000f8200000)
  from space 512K, 86% used [0x00000000fdd00000,0x00000000fdd6ef88,0x00000000fdd80000)
  to   space 5120K, 0% used [0x00000000fd380000,0x00000000fd380000,0x00000000fd880000)
 ParOldGen       total 89088K, used 70007K [0x0000000081600000, 0x0000000086d00000, 0x00000000d5d00000)
  object space 89088K, 78% used [0x0000000081600000,0x0000000085a5dd20,0x0000000086d00000)
 Metaspace       used 3362K, capacity 4664K, committed 4864K, reserved 1056768K
  class space    used 372K, capacity 424K, committed 512K, reserved 1048576K
}
Event: 373.788 GC heap before
{Heap before GC invocations=540 (full 13):
 PSYoungGen      total 562688K, used 562619K [0x00000000d5d00000, 0x00000000fdd80000, 0x0000000100000000)
  eden space 562176K, 100% used [0x00000000d5d00000,0x00000000f8200000,0x00000000f8200000)
  from space 512K, 86% used [0x00000000fdd00000,0x00000000fdd6ef88,0x00000000fdd80000)
  to   space 5120K, 0% used [0x00000000fd380000,0x00000000fd380000,0x00000000fd880000)
 ParOldGen       total 89088K, used 70007K [0x0000000081600000, 0x0000000086d00000, 0x00000000d5d00000)
  object space 89088K, 78% used [0x0000000081600000,0x0000000085a5dd20,0x0000000086d00000)
 Metaspace       used 3362K, capacity 4664K, committed 4864K, reserved 1056768K
  class space    used 372K, capacity 424K, committed 512K, reserved 1048576K
Event: 373.804 GC heap after
Heap after GC invocations=540 (full 13):
 PSYoungGen      total 542208K, used 5120K [0x00000000d5d00000, 0x00000000fdd80000, 0x0000000100000000)
  eden space 537088K, 0% used [0x00000000d5d00000,0x00000000d5d00000,0x00000000f6980000)
  from space 5120K, 100% used [0x00000000fd380000,0x00000000fd880000,0x00000000fd880000)
  to   space 5120K, 0% used [0x00000000fd880000,0x00000000fd880000,0x00000000fdd80000)
 ParOldGen       total 89088K, used 84479K [0x0000000081600000, 0x0000000086d00000, 0x00000000d5d00000)
  object space 89088K, 94% used [0x0000000081600000,0x000000008687fd20,0x0000000086d00000)
 Metaspace       used 3362K, capacity 4664K, committed 4864K, reserved 1056768K
  class space    used 372K, capacity 424K, committed 512K, reserved 1048576K
}
Event: 373.804 GC heap before
{Heap before GC invocations=541 (full 14):
 PSYoungGen      total 542208K, used 5120K [0x00000000d5d00000, 0x00000000fdd80000, 0x0000000100000000)
  eden space 537088K, 0% used [0x00000000d5d00000,0x00000000d5d00000,0x00000000f6980000)
  from space 5120K, 100% used [0x00000000fd380000,0x00000000fd880000,0x00000000fd880000)
  to   space 5120K, 0% used [0x00000000fd880000,0x00000000fd880000,0x00000000fdd80000)
 ParOldGen       total 89088K, used 84479K [0x0000000081600000, 0x0000000086d00000, 0x00000000d5d00000)
  object space 89088K, 94% used [0x0000000081600000,0x000000008687fd20,0x0000000086d00000)
 Metaspace       used 3362K, capacity 4664K, committed 4864K, reserved 1056768K
  class space    used 372K, capacity 424K, committed 512K, reserved 1048576K

