# JRE version: Java(TM) SE Runtime Environment (8.0_71-b15) (build 1.8.0_71-b15)
# Java VM: Java HotSpot(TM) 64-Bit Server VM (25.71-b15 mixed mode windows-amd64 compressed oops)
Heap:
 PSYoungGen      total 560640K, used 560362K [0x00000000d5d00000, 0x00000000f8500000, 0x0000000100000000)
  eden space 560128K, 99% used [0x00000000d5d00000,0x00000000f7fd4988,0x00000000f8000000)
  from space 512K, 79% used [0x00000000f8280000,0x00000000f82e5fb0,0x00000000f8300000)
  to   space 2048K, 84% used [0x00000000f8300000,0x00000000f84b0a88,0x00000000f8500000)
 ParOldGen       total 87552K, used 84091K [0x0000000081600000, 0x0000000086b80000, 0x00000000d5d00000)
  object space 87552K, 96% used [0x0000000081600000,0x000000008681ee50,0x0000000086b80000)
 Metaspace       used 3903K, capacity 4716K, committed 4864K, reserved 1056768K
  class space    used 440K, capacity 468K, committed 512K, reserved 1048576K
GC Heap History (10 events):
Event: 74.625 GC heap after
Heap after GC invocations=939 (full 0):
 PSYoungGen      total 271360K, used 64K [0x00000000d5d00000, 0x00000000f8800000, 0x0000000100000000)
  eden space 269312K, 0% used [0x00000000d5d00000,0x00000000d5d00000,0x00000000e6400000)
  from space 2048K, 3% used [0x00000000f8400000,0x00000000f8410000,0x00000000f8600000)
  to   space 2048K, 0% used [0x00000000f8600000,0x00000000f8600000,0x00000000f8800000)
 ParOldGen       total 87552K, used 81753K [0x0000000081600000, 0x0000000086b80000, 0x00000000d5d00000)
  object space 87552K, 93% used [0x0000000081600000,0x00000000865d6418,0x0000000086b80000)
 Metaspace       used 3903K, capacity 4716K, committed 4864K, reserved 1056768K
  class space    used 440K, capacity 468K, committed 512K, reserved 1048576K
}
Event: 74.692 GC heap before
{Heap before GC invocations=940 (full 0):
 PSYoungGen      total 271360K, used 269303K [0x00000000d5d00000, 0x00000000f8800000, 0x0000000100000000)
  eden space 269312K, 99% used [0x00000000d5d00000,0x00000000e63edfd0,0x00000000e6400000)
  from space 2048K, 3% used [0x00000000f8400000,0x00000000f8410000,0x00000000f8600000)
  to   space 2048K, 0% used [0x00000000f8600000,0x00000000f8600000,0x00000000f8800000)
 ParOldGen       total 87552K, used 81753K [0x0000000081600000, 0x0000000086b80000, 0x00000000d5d00000)
  object space 87552K, 93% used [0x0000000081600000,0x00000000865d6418,0x0000000086b80000)
 Metaspace       used 3903K, capacity 4716K, committed 4864K, reserved 1056768K
  class space    used 440K, capacity 468K, committed 512K, reserved 1048576K
Event: 74.694 GC heap after
Heap after GC invocations=940 (full 0):
 PSYoungGen      total 325120K, used 1274K [0x00000000d5d00000, 0x00000000f8780000, 0x0000000100000000)
  eden space 323584K, 0% used [0x00000000d5d00000,0x00000000d5d00000,0x00000000e9900000)
  from space 1536K, 83% used [0x00000000f8600000,0x00000000f873ebb0,0x00000000f8780000)
  to   space 2048K, 0% used [0x00000000f8380000,0x00000000f8380000,0x00000000f8580000)
 ParOldGen       total 87552K, used 81753K [0x0000000081600000, 0x0000000086b80000, 0x00000000d5d00000)
  object space 87552K, 93% used [0x0000000081600000,0x00000000865d6418,0x0000000086b80000)
 Metaspace       used 3903K, capacity 4716K, committed 4864K, reserved 1056768K
  class space    used 440K, capacity 468K, committed 512K, reserved 1048576K
}
Event: 74.777 GC heap before
{Heap before GC invocations=941 (full 0):
 PSYoungGen      total 325120K, used 324620K [0x00000000d5d00000, 0x00000000f8780000, 0x0000000100000000)
  eden space 323584K, 99% used [0x00000000d5d00000,0x00000000e98c4758,0x00000000e9900000)
  from space 1536K, 83% used [0x00000000f8600000,0x00000000f873ebb0,0x00000000f8780000)
  to   space 2048K, 0% used [0x00000000f8380000,0x00000000f8380000,0x00000000f8580000)
 ParOldGen       total 87552K, used 81753K [0x0000000081600000, 0x0000000086b80000, 0x00000000d5d00000)
  object space 87552K, 93% used [0x0000000081600000,0x00000000865d6418,0x0000000086b80000)
 Metaspace       used 3903K, capacity 4716K, committed 4864K, reserved 1056768K
  class space    used 440K, capacity 468K, committed 512K, reserved 1048576K
Event: 74.779 GC heap after
Heap after GC invocations=941 (full 0):
 PSYoungGen      total 389120K, used 301K [0x00000000d5d00000, 0x00000000f8680000, 0x0000000100000000)
  eden space 388608K, 0% used [0x00000000d5d00000,0x00000000d5d00000,0x00000000ed880000)
  from space 512K, 58% used [0x00000000f8380000,0x00000000f83cb7a0,0x00000000f8400000)
  to   space 2048K, 0% used [0x00000000f8480000,0x00000000f8480000,0x00000000f8680000)
 ParOldGen       total 87552K, used 82762K [0x0000000081600000, 0x0000000086b80000, 0x00000000d5d00000)
  object space 87552K, 94% used [0x0000000081600000,0x00000000866d2868,0x0000000086b80000)
 Metaspace       used 3903K, capacity 4716K, committed 4864K, reserved 1056768K
  class space    used 440K, capacity 468K, committed 512K, reserved 1048576K
}
Event: 74.878 GC heap before
{Heap before GC invocations=942 (full 0):
 PSYoungGen      total 389120K, used 388720K [0x00000000d5d00000, 0x00000000f8680000, 0x0000000100000000)
  eden space 388608K, 99% used [0x00000000d5d00000,0x00000000ed850c38,0x00000000ed880000)
  from space 512K, 58% used [0x00000000f8380000,0x00000000f83cb7a0,0x00000000f8400000)
  to   space 2048K, 0% used [0x00000000f8480000,0x00000000f8480000,0x00000000f8680000)
 ParOldGen       total 87552K, used 82762K [0x0000000081600000, 0x0000000086b80000, 0x00000000d5d00000)
  object space 87552K, 94% used [0x0000000081600000,0x00000000866d2868,0x0000000086b80000)
 Metaspace       used 3903K, capacity 4716K, committed 4864K, reserved 1056768K
  class space    used 440K, capacity 468K, committed 512K, reserved 1048576K
Event: 74.879 GC heap after
Heap after GC invocations=942 (full 0):
 PSYoungGen      total 468480K, used 1617K [0x00000000d5d00000, 0x00000000f8680000, 0x0000000100000000)
  eden space 466432K, 0% used [0x00000000d5d00000,0x00000000d5d00000,0x00000000f2480000)
  from space 2048K, 78% used [0x00000000f8480000,0x00000000f8614638,0x00000000f8680000)
  to   space 2048K, 0% used [0x00000000f8280000,0x00000000f8280000,0x00000000f8480000)
 ParOldGen       total 87552K, used 82762K [0x0000000081600000, 0x0000000086b80000, 0x00000000d5d00000)
  object space 87552K, 94% used [0x0000000081600000,0x00000000866d2868,0x0000000086b80000)
 Metaspace       used 3903K, capacity 4716K, committed 4864K, reserved 1056768K
  class space    used 440K, capacity 468K, committed 512K, reserved 1048576K
}
Event: 75.003 GC heap before
{Heap before GC invocations=943 (full 0):
 PSYoungGen      total 468480K, used 467878K [0x00000000d5d00000, 0x00000000f8680000, 0x0000000100000000)
  eden space 466432K, 99% used [0x00000000d5d00000,0x00000000f24553b8,0x00000000f2480000)
  from space 2048K, 78% used [0x00000000f8480000,0x00000000f8614638,0x00000000f8680000)
  to   space 2048K, 0% used [0x00000000f8280000,0x00000000f8280000,0x00000000f8480000)
 ParOldGen       total 87552K, used 82762K [0x0000000081600000, 0x0000000086b80000, 0x00000000d5d00000)
  object space 87552K, 94% used [0x0000000081600000,0x00000000866d2868,0x0000000086b80000)
 Metaspace       used 3903K, capacity 4716K, committed 4864K, reserved 1056768K
  class space    used 440K, capacity 468K, committed 512K, reserved 1048576K
Event: 75.004 GC heap after
Heap after GC invocations=943 (full 0):
 PSYoungGen      total 560640K, used 407K [0x00000000d5d00000, 0x00000000f8500000, 0x0000000100000000)
  eden space 560128K, 0% used [0x00000000d5d00000,0x00000000d5d00000,0x00000000f8000000)
  from space 512K, 79% used [0x00000000f8280000,0x00000000f82e5fb0,0x00000000f8300000)
  to   space 2048K, 0% used [0x00000000f8300000,0x00000000f8300000,0x00000000f8500000)
 ParOldGen       total 87552K, used 84091K [0x0000000081600000, 0x0000000086b80000, 0x00000000d5d00000)
  object space 87552K, 96% used [0x0000000081600000,0x000000008681ee50,0x0000000086b80000)
 Metaspace       used 3903K, capacity 4716K, committed 4864K, reserved 1056768K
  class space    used 440K, capacity 468K, committed 512K, reserved 1048576K
}
Event: 75.142 GC heap before
{Heap before GC invocations=944 (full 0):
 PSYoungGen      total 560640K, used 560362K [0x00000000d5d00000, 0x00000000f8500000, 0x0000000100000000)
  eden space 560128K, 99% used [0x00000000d5d00000,0x00000000f7fd4988,0x00000000f8000000)
  from space 512K, 79% used [0x00000000f8280000,0x00000000f82e5fb0,0x00000000f8300000)
  to   space 2048K, 0% used [0x00000000f8300000,0x00000000f8300000,0x00000000f8500000)
 ParOldGen       total 87552K, used 84091K [0x0000000081600000, 0x0000000086b80000, 0x00000000d5d00000)
  object space 87552K, 96% used [0x0000000081600000,0x000000008681ee50,0x0000000086b80000)
 Metaspace       used 3903K, capacity 4716K, committed 4864K, reserved 1056768K
  class space    used 440K, capacity 468K, committed 512K, reserved 1048576K

