# JRE version: Java(TM) SE Runtime Environment (8.0_71-b15) (build 1.8.0_71-b15)
# Java VM: Java HotSpot(TM) 64-Bit Server VM (25.71-b15 mixed mode windows-amd64 compressed oops)
Heap:
 PSYoungGen      total 673792K, used 579371K [0x00000000d5d00000, 0x0000000100000000, 0x0000000100000000)
  eden space 656384K, 88% used [0x00000000d5d00000,0x00000000f926ead8,0x00000000fde00000)
  from space 17408K, 2% used [0x00000000fde00000,0x00000000fde5c428,0x00000000fef00000)
  to   space 16384K, 0% used [0x00000000ff000000,0x00000000ff000000,0x0000000100000000)
 ParOldGen       total 131072K, used 73791K [0x0000000081600000, 0x0000000089600000, 0x00000000d5d00000)
  object space 131072K, 56% used [0x0000000081600000,0x0000000085e0fe88,0x0000000089600000)
 Metaspace       used 3361K, capacity 4664K, committed 4864K, reserved 1056768K
  class space    used 372K, capacity 424K, committed 512K, reserved 1048576K
GC Heap History (10 events):
Event: 124.012 GC heap before
{Heap before GC invocations=432 (full 9):
 PSYoungGen      total 677888K, used 668416K [0x00000000d5d00000, 0x00000000ffe80000, 0x0000000100000000)
  eden space 668160K, 100% used [0x00000000d5d00000,0x00000000fe980000,0x00000000fe980000)
  from space 9728K, 2% used [0x00000000ff500000,0x00000000ff540000,0x00000000ffe80000)
  to   space 10752K, 0% used [0x00000000fe980000,0x00000000fe980000,0x00000000ff400000)
 ParOldGen       total 131072K, used 51191K [0x0000000081600000, 0x0000000089600000, 0x00000000d5d00000)
  object space 131072K, 39% used [0x0000000081600000,0x00000000847fde68,0x0000000089600000)
 Metaspace       used 3361K, capacity 4664K, committed 4864K, reserved 1056768K
  class space    used 372K, capacity 424K, committed 512K, reserved 1048576K
Event: 124.014 GC heap after
Heap after GC invocations=432 (full 9):
 PSYoungGen      total 678912K, used 318K [0x00000000d5d00000, 0x00000000fff00000, 0x0000000100000000)
  eden space 668160K, 0% used [0x00000000d5d00000,0x00000000d5d00000,0x00000000fe980000)
  from space 10752K, 2% used [0x00000000fe980000,0x00000000fe9cf8c0,0x00000000ff400000)
  to   space 9728K, 0% used [0x00000000ff580000,0x00000000ff580000,0x00000000fff00000)
 ParOldGen       total 131072K, used 51263K [0x0000000081600000, 0x0000000089600000, 0x00000000d5d00000)
  object space 131072K, 39% used [0x0000000081600000,0x000000008480fe68,0x0000000089600000)
 Metaspace       used 3361K, capacity 4664K, committed 4864K, reserved 1056768K
  class space    used 372K, capacity 424K, committed 512K, reserved 1048576K
}
Event: 124.591 GC heap before
{Heap before GC invocations=433 (full 9):
 PSYoungGen      total 678912K, used 668478K [0x00000000d5d00000, 0x00000000fff00000, 0x0000000100000000)
  eden space 668160K, 100% used [0x00000000d5d00000,0x00000000fe980000,0x00000000fe980000)
  from space 10752K, 2% used [0x00000000fe980000,0x00000000fe9cf8c0,0x00000000ff400000)
  to   space 9728K, 0% used [0x00000000ff580000,0x00000000ff580000,0x00000000fff00000)
 ParOldGen       total 131072K, used 51263K [0x0000000081600000, 0x0000000089600000, 0x00000000d5d00000)
  object space 131072K, 39% used [0x0000000081600000,0x000000008480fe68,0x0000000089600000)
 Metaspace       used 3361K, capacity 4664K, committed 4864K, reserved 1056768K
  class space    used 372K, capacity 424K, committed 512K, reserved 1048576K
Event: 124.596 GC heap after
Heap after GC invocations=433 (full 9):
 PSYoungGen      total 678400K, used 7328K [0x00000000d5d00000, 0x0000000100000000, 0x0000000100000000)
  eden space 668672K, 0% used [0x00000000d5d00000,0x00000000d5d00000,0x00000000fea00000)
  from space 9728K, 75% used [0x00000000ff580000,0x00000000ffca8000,0x00000000fff00000)
  to   space 11264K, 0% used [0x00000000fea00000,0x00000000fea00000,0x00000000ff500000)
 ParOldGen       total 131072K, used 51327K [0x0000000081600000, 0x0000000089600000, 0x00000000d5d00000)
  object space 131072K, 39% used [0x0000000081600000,0x000000008481fe68,0x0000000089600000)
 Metaspace       used 3361K, capacity 4664K, committed 4864K, reserved 1056768K
  class space    used 372K, capacity 424K, committed 512K, reserved 1048576K
}
Event: 126.140 GC heap before
{Heap before GC invocations=434 (full 9):
 PSYoungGen      total 678400K, used 676000K [0x00000000d5d00000, 0x0000000100000000, 0x0000000100000000)
  eden space 668672K, 100% used [0x00000000d5d00000,0x00000000fea00000,0x00000000fea00000)
  from space 9728K, 75% used [0x00000000ff580000,0x00000000ffca8000,0x00000000fff00000)
  to   space 11264K, 0% used [0x00000000fea00000,0x00000000fea00000,0x00000000ff500000)
 ParOldGen       total 131072K, used 51327K [0x0000000081600000, 0x0000000089600000, 0x00000000d5d00000)
  object space 131072K, 39% used [0x0000000081600000,0x000000008481fe68,0x0000000089600000)
 Metaspace       used 3361K, capacity 4664K, committed 4864K, reserved 1056768K
  class space    used 372K, capacity 424K, committed 512K, reserved 1048576K
Event: 126.156 GC heap after
Heap after GC invocations=434 (full 9):
 PSYoungGen      total 679936K, used 11247K [0x00000000d5d00000, 0x0000000100000000, 0x0000000100000000)
  eden space 668672K, 0% used [0x00000000d5d00000,0x00000000d5d00000,0x00000000fea00000)
  from space 11264K, 99% used [0x00000000fea00000,0x00000000ff4fbc20,0x00000000ff500000)
  to   space 11264K, 0% used [0x00000000ff500000,0x00000000ff500000,0x0000000100000000)
 ParOldGen       total 131072K, used 62655K [0x0000000081600000, 0x0000000089600000, 0x00000000d5d00000)
  object space 131072K, 47% used [0x0000000081600000,0x000000008532fe68,0x0000000089600000)
 Metaspace       used 3361K, capacity 4664K, committed 4864K, reserved 1056768K
  class space    used 372K, capacity 424K, committed 512K, reserved 1048576K
}
Event: 126.300 GC heap before
{Heap before GC invocations=435 (full 9):
 PSYoungGen      total 679936K, used 679919K [0x00000000d5d00000, 0x0000000100000000, 0x0000000100000000)
  eden space 668672K, 100% used [0x00000000d5d00000,0x00000000fea00000,0x00000000fea00000)
  from space 11264K, 99% used [0x00000000fea00000,0x00000000ff4fbc20,0x00000000ff500000)
  to   space 11264K, 0% used [0x00000000ff500000,0x00000000ff500000,0x0000000100000000)
 ParOldGen       total 131072K, used 62655K [0x0000000081600000, 0x0000000089600000, 0x00000000d5d00000)
  object space 131072K, 47% used [0x0000000081600000,0x000000008532fe68,0x0000000089600000)
 Metaspace       used 3361K, capacity 4664K, committed 4864K, reserved 1056768K
  class space    used 372K, capacity 424K, committed 512K, reserved 1048576K
Event: 126.305 GC heap after
Heap after GC invocations=435 (full 9):
 PSYoungGen      total 667648K, used 256K [0x00000000d5d00000, 0x0000000100000000, 0x0000000100000000)
  eden space 656384K, 0% used [0x00000000d5d00000,0x00000000d5d00000,0x00000000fde00000)
  from space 11264K, 2% used [0x00000000ff500000,0x00000000ff540000,0x0000000100000000)
  to   space 17408K, 0% used [0x00000000fde00000,0x00000000fde00000,0x00000000fef00000)
 ParOldGen       total 131072K, used 73727K [0x0000000081600000, 0x0000000089600000, 0x00000000d5d00000)
  object space 131072K, 56% used [0x0000000081600000,0x0000000085dffe88,0x0000000089600000)
 Metaspace       used 3361K, capacity 4664K, committed 4864K, reserved 1056768K
  class space    used 372K, capacity 424K, committed 512K, reserved 1048576K
}
Event: 126.436 GC heap before
{Heap before GC invocations=436 (full 9):
 PSYoungGen      total 667648K, used 656640K [0x00000000d5d00000, 0x0000000100000000, 0x0000000100000000)
  eden space 656384K, 100% used [0x00000000d5d00000,0x00000000fde00000,0x00000000fde00000)
  from space 11264K, 2% used [0x00000000ff500000,0x00000000ff540000,0x0000000100000000)
  to   space 17408K, 0% used [0x00000000fde00000,0x00000000fde00000,0x00000000fef00000)
 ParOldGen       total 131072K, used 73727K [0x0000000081600000, 0x0000000089600000, 0x00000000d5d00000)
  object space 131072K, 56% used [0x0000000081600000,0x0000000085dffe88,0x0000000089600000)
 Metaspace       used 3361K, capacity 4664K, committed 4864K, reserved 1056768K
  class space    used 372K, capacity 424K, committed 512K, reserved 1048576K
Event: 126.437 GC heap after
Heap after GC invocations=436 (full 9):
 PSYoungGen      total 673792K, used 369K [0x00000000d5d00000, 0x0000000100000000, 0x0000000100000000)
  eden space 656384K, 0% used [0x00000000d5d00000,0x00000000d5d00000,0x00000000fde00000)
  from space 17408K, 2% used [0x00000000fde00000,0x00000000fde5c428,0x00000000fef00000)
  to   space 16384K, 0% used [0x00000000ff000000,0x00000000ff000000,0x0000000100000000)
 ParOldGen       total 131072K, used 73791K [0x0000000081600000, 0x0000000089600000, 0x00000000d5d00000)
  object space 131072K, 56% used [0x0000000081600000,0x0000000085e0fe88,0x0000000089600000)
 Metaspace       used 3361K, capacity 4664K, committed 4864K, reserved 1056768K
  class space    used 372K, capacity 424K, committed 512K, reserved 1048576K
}

